Determining if the function pcap_get_pfring_id exists failed with the following output:
Change Dir: /home/dtalexundeer/code/project/build/CMakeFiles/CMakeTmp

Run Build Command(s):/usr/bin/gmake -f Makefile cmTC_120fa/fast && /usr/bin/gmake  -f CMakeFiles/cmTC_120fa.dir/build.make CMakeFiles/cmTC_120fa.dir/build
gmake[1]: Entering directory '/home/dtalexundeer/code/project/build/CMakeFiles/CMakeTmp'
Building C object CMakeFiles/cmTC_120fa.dir/CheckFunctionExists.c.o
/usr/bin/cc   -DCHECK_FUNCTION_EXISTS=pcap_get_pfring_id -o CMakeFiles/cmTC_120fa.dir/CheckFunctionExists.c.o -c /usr/share/cmake-3.22/Modules/CheckFunctionExists.c
Linking C executable cmTC_120fa
/usr/bin/cmake -E cmake_link_script CMakeFiles/cmTC_120fa.dir/link.txt --verbose=1
/usr/bin/cc  -DCHECK_FUNCTION_EXISTS=pcap_get_pfring_id CMakeFiles/cmTC_120fa.dir/CheckFunctionExists.c.o -o cmTC_120fa  /usr/lib/x86_64-linux-gnu/libpcap.so 
/usr/bin/ld: CMakeFiles/cmTC_120fa.dir/CheckFunctionExists.c.o: in function `main':
CheckFunctionExists.c:(.text+0x14): undefined reference to `pcap_get_pfring_id'
collect2: error: ld returned 1 exit status
gmake[1]: *** [CMakeFiles/cmTC_120fa.dir/build.make:100: cmTC_120fa] Error 1
gmake[1]: Leaving directory '/home/dtalexundeer/code/project/build/CMakeFiles/CMakeTmp'
gmake: *** [Makefile:127: cmTC_120fa/fast] Error 2



Determining if the function pcap_get_pfring_id exists failed with the following output:
Change Dir: /home/dtalexundeer/code/project/build/CMakeFiles/CMakeTmp

Run Build Command(s):/home/dtalexundeer/.local/bin/ninja cmTC_ecb3e && [1/2] Building C object CMakeFiles/cmTC_ecb3e.dir/CheckFunctionExists.c.o
[2/2] Linking C executable cmTC_ecb3e
FAILED: cmTC_ecb3e 
: && /usr/bin/gcc -DCHECK_FUNCTION_EXISTS=pcap_get_pfring_id  CMakeFiles/cmTC_ecb3e.dir/CheckFunctionExists.c.o -o cmTC_ecb3e  /usr/lib/x86_64-linux-gnu/libpcap.so && :
/usr/bin/ld: CMakeFiles/cmTC_ecb3e.dir/CheckFunctionExists.c.o: in function `main':
CheckFunctionExists.c:(.text+0x14): undefined reference to `pcap_get_pfring_id'
collect2: error: ld returned 1 exit status
ninja: build stopped: subcommand failed.



